2025-03-09 17:42:56,990 - PlacementPredictorServer - INFO - No existing database found, starting fresh
2025-03-09 17:42:56,992 - PlacementPredictorServer - INFO - No existing database found, starting fresh
2025-03-09 17:42:56,992 - PlacementPredictorServer - INFO - Initial database is small, performing first-time scraping...
2025-03-09 17:42:56,992 - PlacementPredictorServer - INFO - Starting problem database update...
2025-03-09 17:42:56,992 - PlacementPredictorServer - INFO - Scraping problems from LeetCode...
2025-03-09 17:42:59,417 - PlacementPredictorServer - ERROR - Error fetching problem details for maximize-profit-from-task-assignment: 499 Client Error:  for url: https://leetcode.com/graphql
2025-03-09 17:42:59,507 - PlacementPredictorServer - ERROR - Error getting company tags for maximize-profit-from-task-assignment: 403 Client Error: Forbidden for url: https://leetcode.com/discuss/title/maximize-profit-from-task-assignment/
2025-03-09 17:43:01,073 - PlacementPredictorServer - ERROR - Error fetching problem details for dna-pattern-recognition: 499 Client Error:  for url: https://leetcode.com/graphql
2025-03-09 17:43:01,163 - PlacementPredictorServer - ERROR - Error getting company tags for dna-pattern-recognition: 403 Client Error: Forbidden for url: https://leetcode.com/discuss/title/dna-pattern-recognition/
2025-03-09 17:43:02,499 - PlacementPredictorServer - ERROR - Error fetching problem details for maximum-coin-collection: 499 Client Error:  for url: https://leetcode.com/graphql
2025-03-09 17:43:02,586 - PlacementPredictorServer - ERROR - Error getting company tags for maximum-coin-collection: 403 Client Error: Forbidden for url: https://leetcode.com/discuss/title/maximum-coin-collection/
2025-03-09 17:43:03,989 - PlacementPredictorServer - ERROR - Error fetching problem details for find-products-with-valid-serial-numbers: 499 Client Error:  for url: https://leetcode.com/graphql
2025-03-09 17:43:04,078 - PlacementPredictorServer - ERROR - Error getting company tags for find-products-with-valid-serial-numbers: 403 Client Error: Forbidden for url: https://leetcode.com/discuss/title/find-products-with-valid-serial-numbers/
2025-03-09 17:43:05,654 - PlacementPredictorServer - ERROR - Error fetching problem details for longest-common-prefix-after-at-most-one-removal: 499 Client Error:  for url: https://leetcode.com/graphql
2025-03-09 17:43:05,739 - PlacementPredictorServer - ERROR - Error getting company tags for longest-common-prefix-after-at-most-one-removal: 403 Client Error: Forbidden for url: https://leetcode.com/discuss/title/longest-common-prefix-after-at-most-one-removal/
2025-03-09 17:43:07,061 - PlacementPredictorServer - ERROR - Error fetching problem details for find-invalid-ip-addresses: 499 Client Error:  for url: https://leetcode.com/graphql
2025-03-09 17:43:07,147 - PlacementPredictorServer - ERROR - Error getting company tags for find-invalid-ip-addresses: 403 Client Error: Forbidden for url: https://leetcode.com/discuss/title/find-invalid-ip-addresses/
2025-03-09 17:43:08,474 - PlacementPredictorServer - ERROR - Error fetching problem details for fruits-into-baskets-iii: 499 Client Error:  for url: https://leetcode.com/graphql
2025-03-09 17:43:08,551 - PlacementPredictorServer - ERROR - Error getting company tags for fruits-into-baskets-iii: 403 Client Error: Forbidden for url: https://leetcode.com/discuss/title/fruits-into-baskets-iii/
2025-03-09 17:43:10,188 - PlacementPredictorServer - ERROR - Error fetching problem details for fruits-into-baskets-ii: 499 Client Error:  for url: https://leetcode.com/graphql
2025-03-09 17:43:10,274 - PlacementPredictorServer - ERROR - Error getting company tags for fruits-into-baskets-ii: 403 Client Error: Forbidden for url: https://leetcode.com/discuss/title/fruits-into-baskets-ii/
2025-03-09 17:43:11,702 - PlacementPredictorServer - ERROR - Error fetching problem details for maximize-subarrays-after-removing-one-conflicting-pair: 499 Client Error:  for url: https://leetcode.com/graphql
2025-03-09 17:43:11,789 - PlacementPredictorServer - ERROR - Error getting company tags for maximize-subarrays-after-removing-one-conflicting-pair: 403 Client Error: Forbidden for url: https://leetcode.com/discuss/title/maximize-subarrays-after-removing-one-conflicting-pair/
2025-03-09 17:43:13,558 - PlacementPredictorServer - ERROR - Error fetching problem details for maximum-students-on-a-single-bench: 499 Client Error:  for url: https://leetcode.com/graphql
2025-03-09 17:43:13,645 - PlacementPredictorServer - ERROR - Error getting company tags for maximum-students-on-a-single-bench: 403 Client Error: Forbidden for url: https://leetcode.com/discuss/title/maximum-students-on-a-single-bench/
2025-03-09 17:43:15,700 - PlacementPredictorServer - ERROR - Error fetching problem details for longest-palindromic-subsequence-after-at-most-k-operations: 499 Client Error:  for url: https://leetcode.com/graphql
2025-03-09 17:43:15,787 - PlacementPredictorServer - ERROR - Error getting company tags for longest-palindromic-subsequence-after-at-most-k-operations: 403 Client Error: Forbidden for url: https://leetcode.com/discuss/title/longest-palindromic-subsequence-after-at-most-k-operations/
2025-03-09 17:43:17,149 - PlacementPredictorServer - ERROR - Error fetching problem details for find-the-number-of-copy-arrays: 499 Client Error:  for url: https://leetcode.com/graphql
2025-03-09 17:43:17,236 - PlacementPredictorServer - ERROR - Error getting company tags for find-the-number-of-copy-arrays: 403 Client Error: Forbidden for url: https://leetcode.com/discuss/title/find-the-number-of-copy-arrays/
2025-03-09 17:43:18,566 - PlacementPredictorServer - ERROR - Error fetching problem details for permutations-iv: 499 Client Error:  for url: https://leetcode.com/graphql
2025-03-09 17:43:18,650 - PlacementPredictorServer - ERROR - Error getting company tags for permutations-iv: 403 Client Error: Forbidden for url: https://leetcode.com/discuss/title/permutations-iv/
2025-03-09 17:43:19,979 - PlacementPredictorServer - ERROR - Error fetching problem details for find-valid-emails: 499 Client Error:  for url: https://leetcode.com/graphql
2025-03-09 17:43:20,069 - PlacementPredictorServer - ERROR - Error getting company tags for find-valid-emails: 403 Client Error: Forbidden for url: https://leetcode.com/discuss/title/find-valid-emails/
2025-03-09 17:43:21,747 - PlacementPredictorServer - ERROR - Error fetching problem details for maximize-the-distance-between-points-on-a-square: 499 Client Error:  for url: https://leetcode.com/graphql
2025-03-09 17:43:21,859 - PlacementPredictorServer - ERROR - Error getting company tags for maximize-the-distance-between-points-on-a-square: 403 Client Error: Forbidden for url: https://leetcode.com/discuss/title/maximize-the-distance-between-points-on-a-square/
2025-03-09 17:43:23,682 - PlacementPredictorServer - ERROR - Error fetching problem details for permutations-iii: 499 Client Error:  for url: https://leetcode.com/graphql
2025-03-09 17:43:23,768 - PlacementPredictorServer - ERROR - Error getting company tags for permutations-iii: 403 Client Error: Forbidden for url: https://leetcode.com/discuss/title/permutations-iii/
2025-03-09 17:43:25,116 - PlacementPredictorServer - ERROR - Error fetching problem details for eat-pizzas: 499 Client Error:  for url: https://leetcode.com/graphql
2025-03-09 17:43:25,198 - PlacementPredictorServer - ERROR - Error getting company tags for eat-pizzas: 403 Client Error: Forbidden for url: https://leetcode.com/discuss/title/eat-pizzas/
2025-03-09 17:43:26,695 - PlacementPredictorServer - ERROR - Error fetching problem details for transform-array-by-parity: 499 Client Error:  for url: https://leetcode.com/graphql
2025-03-09 17:43:26,781 - PlacementPredictorServer - ERROR - Error getting company tags for transform-array-by-parity: 403 Client Error: Forbidden for url: https://leetcode.com/discuss/title/transform-array-by-parity/
2025-03-09 17:43:28,188 - PlacementPredictorServer - ERROR - Error fetching problem details for find-minimum-cost-to-remove-array-elements: 499 Client Error:  for url: https://leetcode.com/graphql
2025-03-09 17:43:28,271 - PlacementPredictorServer - ERROR - Error getting company tags for find-minimum-cost-to-remove-array-elements: 403 Client Error: Forbidden for url: https://leetcode.com/discuss/title/find-minimum-cost-to-remove-array-elements/
2025-03-09 17:43:29,606 - PlacementPredictorServer - ERROR - Error fetching problem details for separate-squares-ii: 499 Client Error:  for url: https://leetcode.com/graphql
2025-03-09 17:43:29,690 - PlacementPredictorServer - ERROR - Error getting company tags for separate-squares-ii: 403 Client Error: Forbidden for url: https://leetcode.com/discuss/title/separate-squares-ii/
2025-03-09 17:43:29,691 - PlacementPredictorServer - INFO - Processed 20 LeetCode problems
2025-03-09 17:43:31,079 - PlacementPredictorServer - ERROR - Error fetching problem details for check-if-digits-are-equal-in-string-after-operations-ii: 499 Client Error:  for url: https://leetcode.com/graphql
2025-03-09 17:43:31,167 - PlacementPredictorServer - ERROR - Error getting company tags for check-if-digits-are-equal-in-string-after-operations-ii: 403 Client Error: Forbidden for url: https://leetcode.com/discuss/title/check-if-digits-are-equal-in-string-after-operations-ii/
2025-03-09 17:43:32,502 - PlacementPredictorServer - ERROR - Error fetching problem details for select-k-disjoint-special-substrings: 499 Client Error:  for url: https://leetcode.com/graphql
2025-03-09 17:43:32,598 - PlacementPredictorServer - ERROR - Error getting company tags for select-k-disjoint-special-substrings: 403 Client Error: Forbidden for url: https://leetcode.com/discuss/title/select-k-disjoint-special-substrings/
2025-03-09 17:43:33,921 - PlacementPredictorServer - ERROR - Error fetching problem details for lexicographically-smallest-generated-string: 499 Client Error:  for url: https://leetcode.com/graphql
2025-03-09 17:43:34,004 - PlacementPredictorServer - ERROR - Error getting company tags for lexicographically-smallest-generated-string: 403 Client Error: Forbidden for url: https://leetcode.com/discuss/title/lexicographically-smallest-generated-string/
2025-03-09 17:43:35,352 - PlacementPredictorServer - ERROR - Error fetching problem details for check-if-digits-are-equal-in-string-after-operations-i: 499 Client Error:  for url: https://leetcode.com/graphql
2025-03-09 17:43:35,433 - PlacementPredictorServer - ERROR - Error getting company tags for check-if-digits-are-equal-in-string-after-operations-i: 403 Client Error: Forbidden for url: https://leetcode.com/discuss/title/check-if-digits-are-equal-in-string-after-operations-i/
2025-03-09 17:43:36,768 - PlacementPredictorServer - ERROR - Error fetching problem details for find-students-who-improved: 499 Client Error:  for url: https://leetcode.com/graphql
2025-03-09 17:43:36,855 - PlacementPredictorServer - ERROR - Error getting company tags for find-students-who-improved: 403 Client Error: Forbidden for url: https://leetcode.com/discuss/title/find-students-who-improved/
2025-03-09 17:43:38,181 - PlacementPredictorServer - ERROR - Error fetching problem details for maximum-sum-with-at-most-k-elements: 499 Client Error:  for url: https://leetcode.com/graphql
2025-03-09 17:43:38,267 - PlacementPredictorServer - ERROR - Error getting company tags for maximum-sum-with-at-most-k-elements: 403 Client Error: Forbidden for url: https://leetcode.com/discuss/title/maximum-sum-with-at-most-k-elements/
2025-03-09 17:43:39,662 - PlacementPredictorServer - ERROR - Error fetching problem details for separate-squares-i: 499 Client Error:  for url: https://leetcode.com/graphql
2025-03-09 17:43:39,760 - PlacementPredictorServer - ERROR - Error getting company tags for separate-squares-i: 403 Client Error: Forbidden for url: https://leetcode.com/discuss/title/separate-squares-i/
2025-03-09 17:43:41,090 - PlacementPredictorServer - ERROR - Error fetching problem details for maximize-the-minimum-game-score: 499 Client Error:  for url: https://leetcode.com/graphql
2025-03-09 17:43:41,174 - PlacementPredictorServer - ERROR - Error getting company tags for maximize-the-minimum-game-score: 403 Client Error: Forbidden for url: https://leetcode.com/discuss/title/maximize-the-minimum-game-score/
2025-03-09 17:43:42,501 - PlacementPredictorServer - ERROR - Error fetching problem details for maximum-difference-between-even-and-odd-frequency-ii: 499 Client Error:  for url: https://leetcode.com/graphql
2025-03-09 17:43:42,587 - PlacementPredictorServer - ERROR - Error getting company tags for maximum-difference-between-even-and-odd-frequency-ii: 403 Client Error: Forbidden for url: https://leetcode.com/discuss/title/maximum-difference-between-even-and-odd-frequency-ii/
2025-03-09 17:43:43,905 - PlacementPredictorServer - ERROR - Error fetching problem details for assign-elements-to-groups-with-constraints: 499 Client Error:  for url: https://leetcode.com/graphql
2025-03-09 17:43:43,993 - PlacementPredictorServer - ERROR - Error getting company tags for assign-elements-to-groups-with-constraints: 403 Client Error: Forbidden for url: https://leetcode.com/discuss/title/assign-elements-to-groups-with-constraints/
2025-03-09 17:43:45,323 - PlacementPredictorServer - ERROR - Error fetching problem details for choose-k-elements-with-maximum-sum: 499 Client Error:  for url: https://leetcode.com/graphql
2025-03-09 17:43:45,414 - PlacementPredictorServer - ERROR - Error getting company tags for choose-k-elements-with-maximum-sum: 403 Client Error: Forbidden for url: https://leetcode.com/discuss/title/choose-k-elements-with-maximum-sum/
2025-03-09 17:43:47,133 - PlacementPredictorServer - ERROR - Error fetching problem details for minimum-unlocked-indices-to-sort-nums: 499 Client Error:  for url: https://leetcode.com/graphql
2025-03-09 17:43:47,225 - PlacementPredictorServer - ERROR - Error getting company tags for minimum-unlocked-indices-to-sort-nums: 403 Client Error: Forbidden for url: https://leetcode.com/discuss/title/minimum-unlocked-indices-to-sort-nums/
2025-03-09 17:43:48,572 - PlacementPredictorServer - ERROR - Error fetching problem details for find-products-with-three-consecutive-digits: 499 Client Error:  for url: https://leetcode.com/graphql
2025-03-09 17:43:48,654 - PlacementPredictorServer - ERROR - Error getting company tags for find-products-with-three-consecutive-digits: 403 Client Error: Forbidden for url: https://leetcode.com/discuss/title/find-products-with-three-consecutive-digits/
2025-03-09 17:43:50,245 - PlacementPredictorServer - ERROR - Error fetching problem details for subsequences-with-a-unique-middle-mode-ii: 499 Client Error:  for url: https://leetcode.com/graphql
2025-03-09 17:43:50,326 - PlacementPredictorServer - ERROR - Error getting company tags for subsequences-with-a-unique-middle-mode-ii: 403 Client Error: Forbidden for url: https://leetcode.com/discuss/title/subsequences-with-a-unique-middle-mode-ii/
2025-03-09 17:43:51,657 - PlacementPredictorServer - ERROR - Error fetching problem details for maximum-manhattan-distance-after-k-changes: 499 Client Error:  for url: https://leetcode.com/graphql
2025-03-09 17:43:51,736 - PlacementPredictorServer - ERROR - Error getting company tags for maximum-manhattan-distance-after-k-changes: 403 Client Error: Forbidden for url: https://leetcode.com/discuss/title/maximum-manhattan-distance-after-k-changes/
2025-03-09 17:43:53,054 - PlacementPredictorServer - ERROR - Error fetching problem details for maximum-difference-between-even-and-odd-frequency-i: 499 Client Error:  for url: https://leetcode.com/graphql
2025-03-09 17:43:53,133 - PlacementPredictorServer - ERROR - Error getting company tags for maximum-difference-between-even-and-odd-frequency-i: 403 Client Error: Forbidden for url: https://leetcode.com/discuss/title/maximum-difference-between-even-and-odd-frequency-i/
2025-03-09 17:43:54,472 - PlacementPredictorServer - ERROR - Error fetching problem details for maximum-frequency-after-subarray-operation: 499 Client Error:  for url: https://leetcode.com/graphql
2025-03-09 17:43:54,566 - PlacementPredictorServer - ERROR - Error getting company tags for maximum-frequency-after-subarray-operation: 403 Client Error: Forbidden for url: https://leetcode.com/discuss/title/maximum-frequency-after-subarray-operation/
2025-03-09 17:43:55,912 - PlacementPredictorServer - ERROR - Error fetching problem details for find-the-lexicographically-largest-string-from-the-box-ii: 499 Client Error:  for url: https://leetcode.com/graphql
2025-03-09 17:43:56,004 - PlacementPredictorServer - ERROR - Error getting company tags for find-the-lexicographically-largest-string-from-the-box-ii: 403 Client Error: Forbidden for url: https://leetcode.com/discuss/title/find-the-lexicographically-largest-string-from-the-box-ii/
2025-03-09 17:43:57,403 - PlacementPredictorServer - ERROR - Error fetching problem details for sort-matrix-by-diagonals: 499 Client Error:  for url: https://leetcode.com/graphql
2025-03-09 17:43:57,493 - PlacementPredictorServer - ERROR - Error getting company tags for sort-matrix-by-diagonals: 403 Client Error: Forbidden for url: https://leetcode.com/discuss/title/sort-matrix-by-diagonals/
2025-03-09 17:43:58,915 - PlacementPredictorServer - ERROR - Error fetching problem details for maximum-difference-between-adjacent-elements-in-a-circular-array: 499 Client Error:  for url: https://leetcode.com/graphql
2025-03-09 17:43:59,006 - PlacementPredictorServer - ERROR - Error getting company tags for maximum-difference-between-adjacent-elements-in-a-circular-array: 403 Client Error: Forbidden for url: https://leetcode.com/discuss/title/maximum-difference-between-adjacent-elements-in-a-circular-array/
2025-03-09 17:43:59,009 - PlacementPredictorServer - INFO - Processed 40 LeetCode problems
2025-03-09 17:44:00,542 - PlacementPredictorServer - ERROR - Error fetching problem details for find-circular-gift-exchange-chains: 499 Client Error:  for url: https://leetcode.com/graphql
2025-03-09 17:44:00,636 - PlacementPredictorServer - ERROR - Error getting company tags for find-circular-gift-exchange-chains: 403 Client Error: Forbidden for url: https://leetcode.com/discuss/title/find-circular-gift-exchange-chains/
2025-03-09 17:44:01,969 - PlacementPredictorServer - ERROR - Error fetching problem details for reschedule-meetings-for-maximum-free-time-i: 499 Client Error:  for url: https://leetcode.com/graphql
2025-03-09 17:44:02,052 - PlacementPredictorServer - ERROR - Error getting company tags for reschedule-meetings-for-maximum-free-time-i: 403 Client Error: Forbidden for url: https://leetcode.com/discuss/title/reschedule-meetings-for-maximum-free-time-i/
2025-03-09 17:44:03,527 - PlacementPredictorServer - ERROR - Error fetching problem details for reschedule-meetings-for-maximum-free-time-ii: 499 Client Error:  for url: https://leetcode.com/graphql
2025-03-09 17:44:03,616 - PlacementPredictorServer - ERROR - Error getting company tags for reschedule-meetings-for-maximum-free-time-ii: 403 Client Error: Forbidden for url: https://leetcode.com/discuss/title/reschedule-meetings-for-maximum-free-time-ii/
2025-03-09 17:44:04,951 - PlacementPredictorServer - ERROR - Error fetching problem details for maximum-number-of-matching-indices-after-right-shifts: 499 Client Error:  for url: https://leetcode.com/graphql
2025-03-09 17:44:05,044 - PlacementPredictorServer - ERROR - Error getting company tags for maximum-number-of-matching-indices-after-right-shifts: 403 Client Error: Forbidden for url: https://leetcode.com/discuss/title/maximum-number-of-matching-indices-after-right-shifts/
2025-03-09 17:44:06,575 - PlacementPredictorServer - ERROR - Error fetching problem details for manhattan-distances-of-all-arrangements-of-pieces: 499 Client Error:  for url: https://leetcode.com/graphql
2025-03-09 17:44:06,657 - PlacementPredictorServer - ERROR - Error getting company tags for manhattan-distances-of-all-arrangements-of-pieces: 403 Client Error: Forbidden for url: https://leetcode.com/discuss/title/manhattan-distances-of-all-arrangements-of-pieces/
2025-03-09 17:44:08,341 - PlacementPredictorServer - ERROR - Error fetching problem details for paint-house-iv: 499 Client Error:  for url: https://leetcode.com/graphql
2025-03-09 17:44:08,433 - PlacementPredictorServer - ERROR - Error getting company tags for paint-house-iv: 403 Client Error: Forbidden for url: https://leetcode.com/discuss/title/paint-house-iv/
2025-03-09 17:44:09,929 - PlacementPredictorServer - ERROR - Error fetching problem details for find-valid-pair-of-adjacent-digits-in-string: 499 Client Error:  for url: https://leetcode.com/graphql
2025-03-09 17:44:10,017 - PlacementPredictorServer - ERROR - Error getting company tags for find-valid-pair-of-adjacent-digits-in-string: 403 Client Error: Forbidden for url: https://leetcode.com/discuss/title/find-valid-pair-of-adjacent-digits-in-string/
2025-03-09 17:44:11,370 - PlacementPredictorServer - ERROR - Error fetching problem details for design-a-3d-binary-matrix-with-efficient-layer-tracking: 499 Client Error:  for url: https://leetcode.com/graphql
2025-03-09 17:44:11,456 - PlacementPredictorServer - ERROR - Error getting company tags for design-a-3d-binary-matrix-with-efficient-layer-tracking: 403 Client Error: Forbidden for url: https://leetcode.com/discuss/title/design-a-3d-binary-matrix-with-efficient-layer-tracking/
2025-03-09 17:44:13,032 - PlacementPredictorServer - ERROR - Error fetching problem details for length-of-longest-v-shaped-diagonal-segment: 499 Client Error:  for url: https://leetcode.com/graphql
2025-03-09 17:44:13,130 - PlacementPredictorServer - ERROR - Error getting company tags for length-of-longest-v-shaped-diagonal-segment: 403 Client Error: Forbidden for url: https://leetcode.com/discuss/title/length-of-longest-v-shaped-diagonal-segment/
2025-03-09 17:44:14,468 - PlacementPredictorServer - ERROR - Error fetching problem details for sum-of-variable-length-subarrays: 499 Client Error:  for url: https://leetcode.com/graphql
2025-03-09 17:44:14,554 - PlacementPredictorServer - ERROR - Error getting company tags for sum-of-variable-length-subarrays: 403 Client Error: Forbidden for url: https://leetcode.com/discuss/title/sum-of-variable-length-subarrays/
2025-03-09 17:44:15,882 - PlacementPredictorServer - ERROR - Error fetching problem details for longest-team-pass-streak: 499 Client Error:  for url: https://leetcode.com/graphql
2025-03-09 17:44:15,973 - PlacementPredictorServer - ERROR - Error getting company tags for longest-team-pass-streak: 403 Client Error: Forbidden for url: https://leetcode.com/discuss/title/longest-team-pass-streak/
2025-03-09 17:44:17,341 - PlacementPredictorServer - ERROR - Error fetching problem details for maximum-and-minimum-sums-of-at-most-size-k-subarrays: 499 Client Error:  for url: https://leetcode.com/graphql
2025-03-09 17:44:17,432 - PlacementPredictorServer - ERROR - Error getting company tags for maximum-and-minimum-sums-of-at-most-size-k-subarrays: 403 Client Error: Forbidden for url: https://leetcode.com/discuss/title/maximum-and-minimum-sums-of-at-most-size-k-subarrays/
2025-03-09 17:44:18,766 - PlacementPredictorServer - ERROR - Error fetching problem details for sum-of-good-numbers: 499 Client Error:  for url: https://leetcode.com/graphql
2025-03-09 17:44:18,860 - PlacementPredictorServer - ERROR - Error getting company tags for sum-of-good-numbers: 403 Client Error: Forbidden for url: https://leetcode.com/discuss/title/sum-of-good-numbers/
2025-03-09 17:44:20,232 - PlacementPredictorServer - ERROR - Error fetching problem details for sum-of-k-subarrays-with-length-at-least-m: 499 Client Error:  for url: https://leetcode.com/graphql
2025-03-09 17:44:20,316 - PlacementPredictorServer - ERROR - Error getting company tags for sum-of-k-subarrays-with-length-at-least-m: 403 Client Error: Forbidden for url: https://leetcode.com/discuss/title/sum-of-k-subarrays-with-length-at-least-m/
2025-03-09 17:44:21,695 - PlacementPredictorServer - ERROR - Error fetching problem details for count-mentions-per-user: 499 Client Error:  for url: https://leetcode.com/graphql
2025-03-09 17:44:21,787 - PlacementPredictorServer - ERROR - Error getting company tags for count-mentions-per-user: 403 Client Error: Forbidden for url: https://leetcode.com/discuss/title/count-mentions-per-user/
2025-03-09 17:44:23,139 - PlacementPredictorServer - ERROR - Error fetching problem details for minimize-the-maximum-edge-weight-of-graph: 499 Client Error:  for url: https://leetcode.com/graphql
2025-03-09 17:44:23,236 - PlacementPredictorServer - ERROR - Error getting company tags for minimize-the-maximum-edge-weight-of-graph: 403 Client Error: Forbidden for url: https://leetcode.com/discuss/title/minimize-the-maximum-edge-weight-of-graph/
2025-03-09 17:44:24,844 - PlacementPredictorServer - ERROR - Error fetching problem details for team-dominance-by-pass-success: 499 Client Error:  for url: https://leetcode.com/graphql
2025-03-09 17:44:24,938 - PlacementPredictorServer - ERROR - Error getting company tags for team-dominance-by-pass-success: 403 Client Error: Forbidden for url: https://leetcode.com/discuss/title/team-dominance-by-pass-success/
2025-03-09 17:44:26,353 - PlacementPredictorServer - ERROR - Error fetching problem details for minimum-runes-to-add-to-cast-spell: 499 Client Error:  for url: https://leetcode.com/graphql
2025-03-09 17:44:26,441 - PlacementPredictorServer - ERROR - Error getting company tags for minimum-runes-to-add-to-cast-spell: 403 Client Error: Forbidden for url: https://leetcode.com/discuss/title/minimum-runes-to-add-to-cast-spell/
2025-03-09 17:44:28,082 - PlacementPredictorServer - ERROR - Error fetching problem details for longest-subsequence-with-decreasing-adjacent-difference: 499 Client Error:  for url: https://leetcode.com/graphql
2025-03-09 17:44:28,174 - PlacementPredictorServer - ERROR - Error getting company tags for longest-subsequence-with-decreasing-adjacent-difference: 403 Client Error: Forbidden for url: https://leetcode.com/discuss/title/longest-subsequence-with-decreasing-adjacent-difference/
2025-03-09 17:44:29,874 - PlacementPredictorServer - ERROR - Error fetching problem details for maximum-coins-from-k-consecutive-bags: 499 Client Error:  for url: https://leetcode.com/graphql
2025-03-09 17:44:29,959 - PlacementPredictorServer - ERROR - Error getting company tags for maximum-coins-from-k-consecutive-bags: 403 Client Error: Forbidden for url: https://leetcode.com/discuss/title/maximum-coins-from-k-consecutive-bags/
2025-03-09 17:44:29,959 - PlacementPredictorServer - INFO - Processed 60 LeetCode problems
2025-03-09 17:44:31,283 - PlacementPredictorServer - ERROR - Error fetching problem details for maximum-and-minimum-sums-of-at-most-size-k-subsequences: 499 Client Error:  for url: https://leetcode.com/graphql
2025-03-09 17:44:31,370 - PlacementPredictorServer - ERROR - Error getting company tags for maximum-and-minimum-sums-of-at-most-size-k-subsequences: 403 Client Error: Forbidden for url: https://leetcode.com/discuss/title/maximum-and-minimum-sums-of-at-most-size-k-subsequences/
2025-03-09 17:44:33,082 - PlacementPredictorServer - ERROR - Error fetching problem details for frequencies-of-shortest-supersequences: 499 Client Error:  for url: https://leetcode.com/graphql
2025-03-09 17:44:33,164 - PlacementPredictorServer - ERROR - Error getting company tags for frequencies-of-shortest-supersequences: 403 Client Error: Forbidden for url: https://leetcode.com/discuss/title/frequencies-of-shortest-supersequences/
2025-03-09 17:44:34,695 - PlacementPredictorServer - ERROR - Error fetching problem details for minimum-cost-to-make-arrays-identical: 499 Client Error:  for url: https://leetcode.com/graphql
2025-03-09 17:44:34,792 - PlacementPredictorServer - ERROR - Error getting company tags for minimum-cost-to-make-arrays-identical: 403 Client Error: Forbidden for url: https://leetcode.com/discuss/title/minimum-cost-to-make-arrays-identical/
2025-03-09 17:44:36,350 - PlacementPredictorServer - ERROR - Error fetching problem details for first-letter-capitalization-ii: 499 Client Error:  for url: https://leetcode.com/graphql
2025-03-09 17:44:36,435 - PlacementPredictorServer - ERROR - Error getting company tags for first-letter-capitalization-ii: 403 Client Error: Forbidden for url: https://leetcode.com/discuss/title/first-letter-capitalization-ii/
2025-03-09 17:44:38,083 - PlacementPredictorServer - ERROR - Error fetching problem details for design-an-array-statistics-tracker: 499 Client Error:  for url: https://leetcode.com/graphql
2025-03-09 17:44:38,169 - PlacementPredictorServer - ERROR - Error getting company tags for design-an-array-statistics-tracker: 403 Client Error: Forbidden for url: https://leetcode.com/discuss/title/design-an-array-statistics-tracker/
2025-03-09 17:44:40,027 - PlacementPredictorServer - ERROR - Error fetching problem details for find-special-substring-of-length-k: 499 Client Error:  for url: https://leetcode.com/graphql
2025-03-09 17:44:40,113 - PlacementPredictorServer - ERROR - Error getting company tags for find-special-substring-of-length-k: 403 Client Error: Forbidden for url: https://leetcode.com/discuss/title/find-special-substring-of-length-k/
2025-03-09 17:44:41,448 - PlacementPredictorServer - ERROR - Error fetching problem details for zigzag-grid-traversal-with-skip: 499 Client Error:  for url: https://leetcode.com/graphql
2025-03-09 17:44:41,537 - PlacementPredictorServer - ERROR - Error getting company tags for zigzag-grid-traversal-with-skip: 403 Client Error: Forbidden for url: https://leetcode.com/discuss/title/zigzag-grid-traversal-with-skip/
2025-03-09 17:44:42,862 - PlacementPredictorServer - ERROR - Error fetching problem details for smallest-substring-with-identical-characters-ii: 499 Client Error:  for url: https://leetcode.com/graphql
2025-03-09 17:44:42,965 - PlacementPredictorServer - ERROR - Error getting company tags for smallest-substring-with-identical-characters-ii: 403 Client Error: Forbidden for url: https://leetcode.com/discuss/title/smallest-substring-with-identical-characters-ii/
2025-03-09 17:44:44,298 - PlacementPredictorServer - ERROR - Error fetching problem details for find-the-largest-almost-missing-integer: 499 Client Error:  for url: https://leetcode.com/graphql
2025-03-09 17:44:44,382 - PlacementPredictorServer - ERROR - Error getting company tags for find-the-largest-almost-missing-integer: 403 Client Error: Forbidden for url: https://leetcode.com/discuss/title/find-the-largest-almost-missing-integer/
2025-03-09 17:44:45,710 - PlacementPredictorServer - ERROR - Error fetching problem details for count-partitions-with-even-sum-difference: 499 Client Error:  for url: https://leetcode.com/graphql
2025-03-09 17:44:45,807 - PlacementPredictorServer - ERROR - Error getting company tags for count-partitions-with-even-sum-difference: 403 Client Error: Forbidden for url: https://leetcode.com/discuss/title/count-partitions-with-even-sum-difference/
2025-03-09 17:44:47,135 - PlacementPredictorServer - ERROR - Error fetching problem details for first-letter-capitalization: 499 Client Error:  for url: https://leetcode.com/graphql
2025-03-09 17:44:47,221 - PlacementPredictorServer - ERROR - Error getting company tags for first-letter-capitalization: 403 Client Error: Forbidden for url: https://leetcode.com/discuss/title/first-letter-capitalization/
2025-03-09 17:44:48,552 - PlacementPredictorServer - ERROR - Error fetching problem details for maximum-subarray-with-equal-products: 499 Client Error:  for url: https://leetcode.com/graphql
2025-03-09 17:44:48,641 - PlacementPredictorServer - ERROR - Error getting company tags for maximum-subarray-with-equal-products: 403 Client Error: Forbidden for url: https://leetcode.com/discuss/title/maximum-subarray-with-equal-products/
2025-03-09 17:44:49,976 - PlacementPredictorServer - ERROR - Error fetching problem details for minimum-cost-good-caption: 499 Client Error:  for url: https://leetcode.com/graphql
2025-03-09 17:44:50,071 - PlacementPredictorServer - ERROR - Error getting company tags for minimum-cost-good-caption: 403 Client Error: Forbidden for url: https://leetcode.com/discuss/title/minimum-cost-good-caption/
2025-03-09 17:44:51,405 - PlacementPredictorServer - ERROR - Error fetching problem details for subsequences-with-a-unique-middle-mode-i: 499 Client Error:  for url: https://leetcode.com/graphql
2025-03-09 17:44:51,496 - PlacementPredictorServer - ERROR - Error getting company tags for subsequences-with-a-unique-middle-mode-i: 403 Client Error: Forbidden for url: https://leetcode.com/discuss/title/subsequences-with-a-unique-middle-mode-i/
2025-03-09 17:44:52,836 - PlacementPredictorServer - ERROR - Error fetching problem details for count-special-subsequences: 499 Client Error:  for url: https://leetcode.com/graphql
2025-03-09 17:44:52,930 - PlacementPredictorServer - ERROR - Error getting company tags for count-special-subsequences: 403 Client Error: Forbidden for url: https://leetcode.com/discuss/title/count-special-subsequences/
2025-03-09 17:44:54,252 - PlacementPredictorServer - ERROR - Error fetching problem details for minimum-operations-to-make-subarray-elements-equal: 499 Client Error:  for url: https://leetcode.com/graphql
2025-03-09 17:44:54,357 - PlacementPredictorServer - ERROR - Error getting company tags for minimum-operations-to-make-subarray-elements-equal: 403 Client Error: Forbidden for url: https://leetcode.com/discuss/title/minimum-operations-to-make-subarray-elements-equal/
2025-03-09 17:44:55,692 - PlacementPredictorServer - ERROR - Error fetching problem details for minimum-increments-for-target-multiples-in-an-array: 499 Client Error:  for url: https://leetcode.com/graphql
2025-03-09 17:44:55,778 - PlacementPredictorServer - ERROR - Error getting company tags for minimum-increments-for-target-multiples-in-an-array: 403 Client Error: Forbidden for url: https://leetcode.com/discuss/title/minimum-increments-for-target-multiples-in-an-array/
2025-03-09 17:44:57,097 - PlacementPredictorServer - ERROR - Error fetching problem details for count-substrings-divisible-by-last-digit: 499 Client Error:  for url: https://leetcode.com/graphql
2025-03-09 17:44:57,185 - PlacementPredictorServer - ERROR - Error getting company tags for count-substrings-divisible-by-last-digit: 403 Client Error: Forbidden for url: https://leetcode.com/discuss/title/count-substrings-divisible-by-last-digit/
2025-03-09 17:44:58,531 - PlacementPredictorServer - ERROR - Error fetching problem details for books-with-null-ratings: 499 Client Error:  for url: https://leetcode.com/graphql
2025-03-09 17:44:58,622 - PlacementPredictorServer - ERROR - Error getting company tags for books-with-null-ratings: 403 Client Error: Forbidden for url: https://leetcode.com/discuss/title/books-with-null-ratings/
2025-03-09 17:44:59,950 - PlacementPredictorServer - ERROR - Error fetching problem details for minimum-total-operations: 499 Client Error:  for url: https://leetcode.com/graphql
2025-03-09 17:45:00,041 - PlacementPredictorServer - ERROR - Error getting company tags for minimum-total-operations: 403 Client Error: Forbidden for url: https://leetcode.com/discuss/title/minimum-total-operations/
2025-03-09 17:45:00,042 - PlacementPredictorServer - INFO - Processed 80 LeetCode problems
2025-03-09 17:45:01,385 - PlacementPredictorServer - ERROR - Error fetching problem details for minimum-time-to-break-locks-ii: 499 Client Error:  for url: https://leetcode.com/graphql
2025-03-09 17:45:01,471 - PlacementPredictorServer - ERROR - Error getting company tags for minimum-time-to-break-locks-ii: 403 Client Error: Forbidden for url: https://leetcode.com/discuss/title/minimum-time-to-break-locks-ii/
2025-03-09 17:45:02,819 - PlacementPredictorServer - ERROR - Error fetching problem details for shortest-matching-substring: 499 Client Error:  for url: https://leetcode.com/graphql
2025-03-09 17:45:02,912 - PlacementPredictorServer - ERROR - Error getting company tags for shortest-matching-substring: 403 Client Error: Forbidden for url: https://leetcode.com/discuss/title/shortest-matching-substring/
2025-03-09 17:45:04,783 - PlacementPredictorServer - ERROR - Error fetching problem details for minimum-operations-to-make-columns-strictly-increasing: 499 Client Error:  for url: https://leetcode.com/graphql
2025-03-09 17:45:04,873 - PlacementPredictorServer - ERROR - Error getting company tags for minimum-operations-to-make-columns-strictly-increasing: 403 Client Error: Forbidden for url: https://leetcode.com/discuss/title/minimum-operations-to-make-columns-strictly-increasing/
2025-03-09 17:45:06,194 - PlacementPredictorServer - ERROR - Error fetching problem details for smallest-substring-with-identical-characters-i: 499 Client Error:  for url: https://leetcode.com/graphql
2025-03-09 17:45:06,281 - PlacementPredictorServer - ERROR - Error getting company tags for smallest-substring-with-identical-characters-i: 403 Client Error: Forbidden for url: https://leetcode.com/discuss/title/smallest-substring-with-identical-characters-i/
2025-03-09 17:45:07,619 - PlacementPredictorServer - ERROR - Error fetching problem details for maximum-area-rectangle-with-point-constraints-ii: 499 Client Error:  for url: https://leetcode.com/graphql
2025-03-09 17:45:07,712 - PlacementPredictorServer - ERROR - Error getting company tags for maximum-area-rectangle-with-point-constraints-ii: 403 Client Error: Forbidden for url: https://leetcode.com/discuss/title/maximum-area-rectangle-with-point-constraints-ii/
2025-03-09 17:45:09,060 - PlacementPredictorServer - ERROR - Error fetching problem details for maximize-subarray-sum-after-removing-all-occurrences-of-one-element: 499 Client Error:  for url: https://leetcode.com/graphql
2025-03-09 17:45:09,152 - PlacementPredictorServer - ERROR - Error getting company tags for maximize-subarray-sum-after-removing-all-occurrences-of-one-element: 403 Client Error: Forbidden for url: https://leetcode.com/discuss/title/maximize-subarray-sum-after-removing-all-occurrences-of-one-element/
2025-03-09 17:45:10,491 - PlacementPredictorServer - ERROR - Error fetching problem details for longest-special-path: 499 Client Error:  for url: https://leetcode.com/graphql
2025-03-09 17:45:10,584 - PlacementPredictorServer - ERROR - Error getting company tags for longest-special-path: 403 Client Error: Forbidden for url: https://leetcode.com/discuss/title/longest-special-path/
2025-03-09 17:45:11,915 - PlacementPredictorServer - ERROR - Error fetching problem details for count-beautiful-splits-in-an-array: 499 Client Error:  for url: https://leetcode.com/graphql
2025-03-09 17:45:12,004 - PlacementPredictorServer - ERROR - Error getting company tags for count-beautiful-splits-in-an-array: 403 Client Error: Forbidden for url: https://leetcode.com/discuss/title/count-beautiful-splits-in-an-array/
